2020-04-29 13:48:50,880 INFO o.a.j.u.JMeterUtils: Setting Locale to cn
2020-04-29 13:48:50,909 ERROR o.a.j.u.JMeterUtils: Could not find resources for 'cn'
2020-04-29 13:48:50,910 INFO o.a.j.JMeter: Loading user properties from: /Users/liuzhanhui/lzh/soft/jmeter/apache-jmeter-5.2.1/bin/user.properties
2020-04-29 13:48:50,911 INFO o.a.j.JMeter: Loading system properties from: /Users/liuzhanhui/lzh/soft/jmeter/apache-jmeter-5.2.1/bin/system.properties
2020-04-29 13:48:50,913 INFO o.a.j.JMeter: Copyright (c) 1998-2019 The Apache Software Foundation
2020-04-29 13:48:50,913 INFO o.a.j.JMeter: Version 5.2.1
2020-04-29 13:48:50,913 INFO o.a.j.JMeter: java.version=1.8.0_231
2020-04-29 13:48:50,913 INFO o.a.j.JMeter: java.vm.name=Java HotSpot(TM) 64-Bit Server VM
2020-04-29 13:48:50,913 INFO o.a.j.JMeter: os.name=Mac OS X
2020-04-29 13:48:50,913 INFO o.a.j.JMeter: os.arch=x86_64
2020-04-29 13:48:50,913 INFO o.a.j.JMeter: os.version=10.14.6
2020-04-29 13:48:50,913 INFO o.a.j.JMeter: file.encoding=UTF-8
2020-04-29 13:48:50,913 INFO o.a.j.JMeter: java.awt.headless=true
2020-04-29 13:48:50,913 INFO o.a.j.JMeter: Max memory     =1073741824
2020-04-29 13:48:50,913 INFO o.a.j.JMeter: Available Processors =8
2020-04-29 13:48:50,918 INFO o.a.j.JMeter: Default Locale=English (EN)
2020-04-29 13:48:50,919 INFO o.a.j.JMeter: JMeter  Locale=cn
2020-04-29 13:48:50,919 INFO o.a.j.JMeter: JMeterHome=/Users/liuzhanhui/lzh/soft/jmeter/apache-jmeter-5.2.1
2020-04-29 13:48:50,919 INFO o.a.j.JMeter: user.dir  =/Users/liuzhanhui/lzh/workspace/node/automated-test-service
2020-04-29 13:48:50,919 INFO o.a.j.JMeter: PWD       =/Users/liuzhanhui/lzh/workspace/node/automated-test-service
2020-04-29 13:48:55,922 INFO o.a.j.JMeter: IP: 192.168.4.99 Name: MacBook-Pro.local FullName: 192.168.4.99
2020-04-29 13:48:55,927 INFO o.a.j.JMeter: Setting property 'jmeter.reportgenerator.outputdir' to:'/Users/liuzhanhui/lzh/soft/jmeter/workspace/html/824aee123467641134445dd7d8ab9295a8948c27bd0c177a95f2cbb459d84308'
2020-04-29 13:48:55,935 INFO o.a.j.r.d.ReportGenerator: ReportGenerator will use for Parsing the separator: ','
2020-04-29 13:48:55,935 INFO o.a.j.r.d.ReportGenerator: Will only generate report from results file: /Users/liuzhanhui/lzh/soft/jmeter/workspace/jtl/824aee123467641134445dd7d8ab9295a8948c27bd0c177a95f2cbb459d84308.jtl
2020-04-29 13:48:55,936 INFO o.a.j.r.d.ReportGenerator: Reading report generator properties from: /Users/liuzhanhui/lzh/soft/jmeter/apache-jmeter-5.2.1/bin/reportgenerator.properties
2020-04-29 13:48:55,937 INFO o.a.j.r.d.ReportGenerator: Merging with JMeter properties
2020-04-29 13:48:55,944 INFO o.a.j.r.c.ReportGeneratorConfiguration: Property 'jmeter.reportgenerator.temp_dir' not found, using default value 'temp' instead.
2020-04-29 13:48:55,947 INFO o.a.j.r.c.ReportGeneratorConfiguration: Property 'jmeter.reportgenerator.apdex_per_transaction' not found, using default value 'null' instead.
2020-04-29 13:48:55,950 INFO o.a.j.r.c.ReportGeneratorConfiguration: apdex_per_transaction is empty, not APDEX per transaction customization
2020-04-29 13:48:55,951 INFO o.a.j.r.c.ReportGeneratorConfiguration: Property 'jmeter.reportgenerator.sample_filter' not found, using default value 'null' instead.
2020-04-29 13:48:55,951 INFO o.a.j.r.c.ReportGeneratorConfiguration: Property 'jmeter.reportgenerator.report_title' not found, using default value 'null' instead.
2020-04-29 13:48:55,951 INFO o.a.j.r.c.ReportGeneratorConfiguration: Property 'jmeter.reportgenerator.start_date' not found, using default value 'null' instead.
2020-04-29 13:48:55,951 INFO o.a.j.r.c.ReportGeneratorConfiguration: Property 'jmeter.reportgenerator.end_date' not found, using default value 'null' instead.
2020-04-29 13:48:55,951 INFO o.a.j.r.c.ReportGeneratorConfiguration: Property 'jmeter.reportgenerator.date_format' not found, using default value 'null' instead.
2020-04-29 13:48:55,952 INFO o.a.j.r.c.ReportGeneratorConfiguration: Will use date range start date: null, end date: null
2020-04-29 13:48:55,956 INFO o.a.j.r.c.ReportGeneratorConfiguration: Property 'jmeter.reportgenerator.graph.totalTPS.exclude_controllers' not found, using default value 'false' instead.
2020-04-29 13:48:55,956 INFO o.a.j.r.c.ReportGeneratorConfiguration: Property 'jmeter.reportgenerator.graph.activeThreadsOverTime.exclude_controllers' not found, using default value 'false' instead.
2020-04-29 13:48:55,956 INFO o.a.j.r.c.ReportGeneratorConfiguration: Property 'jmeter.reportgenerator.graph.timeVsThreads.exclude_controllers' not found, using default value 'false' instead.
2020-04-29 13:48:55,957 INFO o.a.j.r.c.ReportGeneratorConfiguration: Property 'jmeter.reportgenerator.graph.responseTimeDistribution.exclude_controllers' not found, using default value 'false' instead.
2020-04-29 13:48:55,957 INFO o.a.j.r.c.ReportGeneratorConfiguration: Property 'jmeter.reportgenerator.graph.transactionsPerSecond.exclude_controllers' not found, using default value 'false' instead.
2020-04-29 13:48:55,957 INFO o.a.j.r.c.ReportGeneratorConfiguration: Property 'jmeter.reportgenerator.graph.responseTimePercentiles.exclude_controllers' not found, using default value 'false' instead.
2020-04-29 13:48:55,957 INFO o.a.j.r.c.ReportGeneratorConfiguration: Property 'jmeter.reportgenerator.graph.responseTimePercentilesOverTime.exclude_controllers' not found, using default value 'false' instead.
2020-04-29 13:48:55,957 INFO o.a.j.r.c.ReportGeneratorConfiguration: Property 'jmeter.reportgenerator.graph.responseTimesOverTime.exclude_controllers' not found, using default value 'false' instead.
2020-04-29 13:48:55,957 INFO o.a.j.r.c.ReportGeneratorConfiguration: Property 'jmeter.reportgenerator.graph.connectTimeOverTime.exclude_controllers' not found, using default value 'false' instead.
2020-04-29 13:48:55,957 INFO o.a.j.r.c.ReportGeneratorConfiguration: Property 'jmeter.reportgenerator.graph.latenciesOverTime.exclude_controllers' not found, using default value 'false' instead.
2020-04-29 13:48:55,958 INFO o.a.j.r.c.ReportGeneratorConfiguration: Property 'jmeter.reportgenerator.exporter.json.filters_only_sample_series' not found, using default value 'true' instead.
2020-04-29 13:48:55,958 INFO o.a.j.r.c.ReportGeneratorConfiguration: Property 'jmeter.reportgenerator.exporter.json.series_filter' not found, using default value '' instead.
2020-04-29 13:48:55,958 INFO o.a.j.r.c.ReportGeneratorConfiguration: Property 'jmeter.reportgenerator.exporter.json.show_controllers_only' not found, using default value 'false' instead.
2020-04-29 13:48:55,958 INFO o.a.j.r.c.ReportGeneratorConfiguration: Property 'jmeter.reportgenerator.exporter.html.filters_only_sample_series' not found, using default value 'true' instead.
2020-04-29 13:48:55,958 INFO o.a.j.r.c.ReportGeneratorConfiguration: Property 'jmeter.reportgenerator.exporter.html.series_filter' not found, using default value '' instead.
2020-04-29 13:48:55,958 INFO o.a.j.r.c.ReportGeneratorConfiguration: Property 'jmeter.reportgenerator.exporter.html.show_controllers_only' not found, using default value 'false' instead.
2020-04-29 13:48:56,096 INFO o.a.j.s.SaveService: Testplan (JMX) version: 2.2. Testlog (JTL) version: 2.2
2020-04-29 13:48:56,109 INFO o.a.j.s.SaveService: Using SaveService properties file encoding UTF-8
2020-04-29 13:48:56,115 INFO o.a.j.s.SaveService: Using SaveService properties version 5.0
2020-04-29 13:48:56,146 INFO o.a.j.r.p.NormalizerSampleConsumer: Using format, 'ms', to parse timeStamp field
2020-04-29 13:48:56,298 INFO o.a.j.r.p.AbstractSampleConsumer: class org.apache.jmeter.report.processor.AggregateConsumer#stopProducing(): beginDate produced 0 samples
2020-04-29 13:48:56,298 INFO o.a.j.r.p.AbstractSampleConsumer: class org.apache.jmeter.report.processor.AggregateConsumer#stopProducing(): endDate produced 0 samples
2020-04-29 13:48:56,309 INFO o.a.j.r.p.AbstractSampleConsumer: class org.apache.jmeter.report.processor.ApdexSummaryConsumer#stopProducing(): apdexSummary produced 0 samples
2020-04-29 13:48:56,309 INFO o.a.j.r.p.AbstractSampleConsumer: class org.apache.jmeter.report.processor.RequestsSummaryConsumer#stopProducing(): requestsSummary produced 0 samples
2020-04-29 13:48:56,314 INFO o.a.j.r.p.AbstractSampleConsumer: class org.apache.jmeter.report.processor.StatisticsSummaryConsumer#stopProducing(): statisticsSummary produced 0 samples
2020-04-29 13:48:56,327 INFO o.a.j.r.p.AbstractSampleConsumer: class org.apache.jmeter.report.processor.Top5ErrorsBySamplerConsumer#stopProducing(): top5ErrorsBySampler produced 0 samples
2020-04-29 13:48:56,327 INFO o.a.j.r.p.AbstractSampleConsumer: class org.apache.jmeter.report.processor.ErrorsSummaryConsumer#stopProducing(): errorsSummary produced 0 samples
2020-04-29 13:48:56,327 INFO o.a.j.r.p.AbstractSampleConsumer: class org.apache.jmeter.report.processor.graph.impl.HitsPerSecondGraphConsumer#stopProducing(): hitsPerSecond produced 0 samples
2020-04-29 13:48:56,359 INFO o.a.j.r.p.AbstractSampleConsumer: class org.apache.jmeter.report.processor.graph.impl.LatencyVSRequestGraphConsumer#stopProducing(): latencyVsRequest produced 0 samples
2020-04-29 13:48:56,359 INFO o.a.j.r.p.AbstractSampleConsumer: class org.apache.jmeter.report.processor.graph.impl.SyntheticResponseTimeDistributionGraphConsumer#stopProducing(): syntheticResponseTimeDistribution produced 0 samples
2020-04-29 13:48:56,360 INFO o.a.j.r.p.AbstractSampleConsumer: class org.apache.jmeter.report.processor.graph.impl.BytesThroughputGraphConsumer#stopProducing(): bytesThroughputOverTime produced 0 samples
2020-04-29 13:48:56,360 INFO o.a.j.r.p.AbstractSampleConsumer: class org.apache.jmeter.report.processor.graph.impl.CodesPerSecondGraphConsumer#stopProducing(): codesPerSecond produced 0 samples
2020-04-29 13:48:56,372 INFO o.a.j.r.p.AbstractSampleConsumer: class org.apache.jmeter.report.processor.graph.impl.ResponseTimeVSRequestGraphConsumer#stopProducing(): responseTimeVsRequest produced 0 samples
2020-04-29 13:48:56,372 INFO o.a.j.r.p.AbstractSampleConsumer: class org.apache.jmeter.report.processor.FilterConsumer#stopProducing(): startIntervalControlerFilter produced 8855 samples
2020-04-29 13:48:56,372 INFO o.a.j.r.p.AbstractSampleConsumer: class org.apache.jmeter.report.processor.graph.impl.TotalTPSGraphConsumer#stopProducing(): totalTPS produced 0 samples
2020-04-29 13:48:56,372 INFO o.a.j.r.p.AbstractSampleConsumer: class org.apache.jmeter.report.processor.graph.impl.ActiveThreadsGraphConsumer#stopProducing(): activeThreadsOverTime produced 0 samples
2020-04-29 13:48:56,372 INFO o.a.j.r.p.AbstractSampleConsumer: class org.apache.jmeter.report.processor.graph.impl.TimeVSThreadGraphConsumer#stopProducing(): timeVsThreads produced 0 samples
2020-04-29 13:48:56,372 INFO o.a.j.r.p.AbstractSampleConsumer: class org.apache.jmeter.report.processor.graph.impl.ResponseTimeDistributionGraphConsumer#stopProducing(): responseTimeDistribution produced 0 samples
2020-04-29 13:48:56,373 INFO o.a.j.r.p.AbstractSampleConsumer: class org.apache.jmeter.report.processor.graph.impl.TransactionsPerSecondGraphConsumer#stopProducing(): transactionsPerSecond produced 0 samples
2020-04-29 13:48:56,373 INFO o.a.j.r.p.AbstractSampleConsumer: class org.apache.jmeter.report.processor.graph.impl.ResponseTimePercentilesGraphConsumer#stopProducing(): responseTimePercentiles produced 0 samples
2020-04-29 13:48:56,375 INFO o.a.j.r.p.AbstractSampleConsumer: class org.apache.jmeter.report.processor.graph.impl.ResponseTimePercentilesOverTimeGraphConsumer#stopProducing(): responseTimePercentilesOverTime produced 0 samples
2020-04-29 13:48:56,377 INFO o.a.j.r.p.AbstractSampleConsumer: class org.apache.jmeter.report.processor.graph.impl.ResponseTimeOverTimeGraphConsumer#stopProducing(): responseTimesOverTime produced 0 samples
2020-04-29 13:48:56,377 INFO o.a.j.r.p.AbstractSampleConsumer: class org.apache.jmeter.report.processor.graph.impl.ConnectTimeOverTimeGraphConsumer#stopProducing(): connectTimeOverTime produced 0 samples
2020-04-29 13:48:56,377 INFO o.a.j.r.p.AbstractSampleConsumer: class org.apache.jmeter.report.processor.graph.impl.LatencyOverTimeGraphConsumer#stopProducing(): latenciesOverTime produced 0 samples
2020-04-29 13:48:56,377 INFO o.a.j.r.p.AbstractSampleConsumer: class org.apache.jmeter.report.processor.FilterConsumer#stopProducing(): nameFilter produced 18975 samples
2020-04-29 13:48:56,378 INFO o.a.j.r.p.AbstractSampleConsumer: class org.apache.jmeter.report.processor.FilterConsumer#stopProducing(): dateRangeFilter produced 3795 samples
2020-04-29 13:48:56,378 INFO o.a.j.r.p.AbstractSampleConsumer: class org.apache.jmeter.report.processor.NormalizerSampleConsumer#stopProducing(): normalizer produced 1265 samples
2020-04-29 13:48:56,378 INFO o.a.j.r.p.CsvFileSampleSource: produce(): 1265 samples produced in 208ms on channel 0
2020-04-29 13:48:56,378 INFO o.a.j.r.d.ReportGenerator: Exporting data using exporter:'json' of className:'org.apache.jmeter.report.dashboard.JsonExporter'
2020-04-29 13:48:56,380 INFO o.a.j.r.d.JsonExporter: Found data for consumer statisticsSummary in context
2020-04-29 13:48:56,380 INFO o.a.j.r.d.JsonExporter: Creating statistics for overall
2020-04-29 13:48:56,381 INFO o.a.j.r.d.JsonExporter: Creating statistics for other transactions
2020-04-29 13:48:56,381 INFO o.a.j.r.d.JsonExporter: Checking output folder
2020-04-29 13:48:56,382 INFO o.a.j.r.d.JsonExporter: Writing statistics JSON to /Users/liuzhanhui/lzh/soft/jmeter/workspace/html/824aee123467641134445dd7d8ab9295a8948c27bd0c177a95f2cbb459d84308/statistics.json
2020-04-29 13:48:56,556 INFO o.a.j.r.d.ReportGenerator: Exporting data using exporter:'html' of className:'org.apache.jmeter.report.dashboard.HtmlTemplateExporter'
2020-04-29 13:48:56,560 INFO o.a.j.r.d.HtmlTemplateExporter: Will generate dashboard in folder: /Users/liuzhanhui/lzh/soft/jmeter/workspace/html/824aee123467641134445dd7d8ab9295a8948c27bd0c177a95f2cbb459d84308
2020-04-29 13:48:56,644 INFO o.a.j.r.d.HtmlTemplateExporter: Report will be generated in: /Users/liuzhanhui/lzh/soft/jmeter/workspace/html/824aee123467641134445dd7d8ab9295a8948c27bd0c177a95f2cbb459d84308, creating folder structure
2020-04-29 13:48:56,649 INFO o.a.j.r.d.TemplateVisitor: Copying folder from '/Users/liuzhanhui/lzh/soft/jmeter/apache-jmeter-5.2.1/bin/report-template' to '/Users/liuzhanhui/lzh/soft/jmeter/workspace/html/824aee123467641134445dd7d8ab9295a8948c27bd0c177a95f2cbb459d84308', got message: /Users/liuzhanhui/lzh/soft/jmeter/workspace/html/824aee123467641134445dd7d8ab9295a8948c27bd0c177a95f2cbb459d84308, found non empty folder with following content [/Users/liuzhanhui/lzh/soft/jmeter/workspace/html/824aee123467641134445dd7d8ab9295a8948c27bd0c177a95f2cbb459d84308/statistics.json], will be ignored
