[2019-12-18T10:31:39.807] [INFO] HttpExceptionFilter - {
  host: '127.0.0.1:8088',
  url: '/api/user/1',
  method: 'GET',
  args: undefined
}
[2019-12-18T10:31:39.816] [INFO] HttpExceptionFilter - User {
  id: 1,
  username: 'liuzhanhui',
  email: 'liuzhanhui@xdf.cn',
  mobile: '15910401369',
  password: '123456',
  createdAt: '2019-12-16 14:31:08',
  updatedAt: '2019-12-16 14:31:14'
}
[2019-12-18T13:51:45.226] [INFO] main - automated-test-server start ..... port: 8088
[2019-12-18T13:52:59.540] [INFO] main - automated-test-server start ..... port: 8088
[2019-12-18T13:53:25.698] [INFO] main - automated-test-server start ..... port: 8088
[2019-12-18T14:00:27.205] [INFO] main - automated-test-server start ..... port: 8088
[2019-12-18T14:00:35.852] [INFO] main - automated-test-server start ..... port: 8088
[2019-12-18T14:00:37.847] [INFO] main - automated-test-server start ..... port: 8088
[2019-12-18T14:00:48.331] [INFO] main - automated-test-server start ..... port: 8088
[2019-12-18T14:02:31.116] [INFO] main - automated-test-server start ..... port: 8088
[2019-12-18T14:02:32.392] [INFO] main - automated-test-server start ..... port: 8088
[2019-12-18T14:02:42.821] [INFO] main - automated-test-server start ..... port: 8088
[2019-12-18T14:04:31.691] [INFO] main - automated-test-server start ..... port: 8088
[2019-12-18T14:05:14.973] [INFO] main - automated-test-server start ..... port: 8088
[2019-12-18T14:06:00.789] [INFO] main - automated-test-server start ..... port: 8088
[2019-12-18T14:06:58.490] [INFO] main - automated-test-server start ..... port: 8088
[2019-12-18T14:07:00.164] [INFO] main - automated-test-server start ..... port: 8088
[2019-12-18T14:08:01.391] [INFO] main - automated-test-server start ..... port: 8088
[2019-12-18T14:08:10.271] [INFO] main - automated-test-server start ..... port: 8088
[2019-12-18T14:08:33.081] [INFO] main - automated-test-server start ..... port: 8088
[2019-12-18T14:09:23.783] [INFO] main - automated-test-server start ..... port: 8088
[2019-12-18T14:09:25.819] [INFO] main - automated-test-server start ..... port: 8088
[2019-12-18T14:09:45.250] [INFO] main - automated-test-server start ..... port: 8088
[2019-12-18T14:09:55.462] [INFO] main - automated-test-server start ..... port: 8088
[2019-12-18T14:10:18.345] [INFO] main - automated-test-server start ..... port: 8088
[2019-12-18T14:10:29.076] [INFO] main - automated-test-server start ..... port: 8088
[2019-12-18T14:10:58.488] [INFO] main - automated-test-server start ..... port: 8088
[2019-12-18T14:11:03.908] [INFO] main - automated-test-server start ..... port: 8088
[2019-12-18T14:11:05.909] [INFO] main - automated-test-server start ..... port: 8088
[2019-12-18T14:12:36.527] [INFO] main - automated-test-server start ..... port: 8088
[2019-12-18T14:12:42.143] [INFO] main - automated-test-server start ..... port: 8088
[2019-12-18T14:12:44.007] [INFO] main - automated-test-server start ..... port: 8088
[2019-12-18T14:12:50.852] [INFO] main - automated-test-server start ..... port: 8088
[2019-12-18T14:12:52.800] [INFO] main - automated-test-server start ..... port: 8088
[2019-12-18T14:13:08.907] [INFO] main - automated-test-server start ..... port: 8088
[2019-12-18T14:13:16.074] [INFO] main - automated-test-server start ..... port: 8088
[2019-12-18T14:13:23.284] [INFO] main - automated-test-server start ..... port: 8088
[2019-12-18T14:15:07.388] [INFO] main - automated-test-server start ..... port: 8088
[2019-12-18T14:15:09.433] [INFO] main - automated-test-server start ..... port: 8088
[2019-12-18T14:16:28.922] [INFO] main - automated-test-server start ..... port: 8088
[2019-12-18T14:18:48.444] [INFO] main - automated-test-server start ..... port: 8088
[2019-12-18T15:12:40.527] [INFO] main - automated-test-server start ..... port: 8088
[2019-12-18T15:30:43.232] [INFO] main - automated-test-server start ..... port: 8088
[2019-12-18T15:33:12.758] [INFO] main - automated-test-server start ..... port: 8088
[2019-12-18T15:33:18.841] [INFO] main - automated-test-server start ..... port: 8088
[2019-12-18T15:34:08.213] [INFO] main - automated-test-server start ..... port: 8088
[2019-12-18T15:34:25.177] [INFO] main - automated-test-server start ..... port: 8088
[2019-12-18T15:35:32.487] [INFO] main - automated-test-server start ..... port: 8088
[2019-12-18T15:35:36.425] [INFO] main - automated-test-server start ..... port: 8088
[2019-12-18T15:35:38.595] [INFO] main - automated-test-server start ..... port: 8088
[2019-12-18T15:35:43.096] [INFO] main - automated-test-server start ..... port: 8088
[2019-12-18T15:35:45.179] [INFO] main - automated-test-server start ..... port: 8088
[2019-12-18T15:36:22.556] [INFO] main - automated-test-server start ..... port: 8088
[2019-12-18T15:36:24.599] [INFO] main - automated-test-server start ..... port: 8088
[2019-12-18T15:38:16.491] [INFO] main - automated-test-server start ..... port: 8088
[2019-12-18T15:38:27.099] [INFO] main - automated-test-server start ..... port: 8088
[2019-12-18T15:38:29.330] [INFO] main - automated-test-server start ..... port: 8088
[2019-12-18T15:38:33.696] [INFO] main - automated-test-server start ..... port: 8088
[2019-12-18T15:38:35.914] [INFO] main - automated-test-server start ..... port: 8088
[2019-12-18T15:38:45.426] [INFO] main - automated-test-server start ..... port: 8088
[2019-12-18T15:39:15.416] [INFO] main - automated-test-server start ..... port: 8088
[2019-12-18T15:39:17.804] [INFO] main - automated-test-server start ..... port: 8088
[2019-12-18T15:39:20.759] [INFO] main - automated-test-server start ..... port: 8088
[2019-12-18T15:39:22.894] [INFO] main - automated-test-server start ..... port: 8088
[2019-12-18T15:39:25.105] [INFO] main - automated-test-server start ..... port: 8088
[2019-12-18T15:41:46.634] [INFO] main - automated-test-server start ..... port: 8088
[2019-12-18T15:41:50.745] [INFO] main - automated-test-server start ..... port: 8088
[2019-12-18T15:42:02.700] [INFO] main - automated-test-server start ..... port: 8088
[2019-12-18T15:42:11.488] [INFO] main - automated-test-server start ..... port: 8088
[2019-12-18T15:42:32.917] [INFO] main - automated-test-server start ..... port: 8088
[2019-12-18T15:42:35.135] [INFO] main - automated-test-server start ..... port: 8088
[2019-12-18T15:43:06.105] [INFO] main - automated-test-server start ..... port: 8088
[2019-12-18T15:43:11.728] [INFO] main - automated-test-server start ..... port: 8088
[2019-12-18T15:43:42.628] [INFO] main - automated-test-server start ..... port: 8088
[2019-12-18T15:43:44.555] [INFO] main - automated-test-server start ..... port: 8088
[2019-12-18T15:52:48.443] [INFO] main - automated-test-server start ..... port: 8088
[2019-12-18T15:52:49.857] [INFO] main - automated-test-server start ..... port: 8088
[2019-12-18T15:53:02.090] [INFO] main - automated-test-server start ..... port: 8088
[2019-12-18T15:53:12.616] [INFO] main - automated-test-server start ..... port: 8088
[2019-12-18T15:53:24.504] [INFO] main - automated-test-server start ..... port: 8088
[2019-12-18T15:53:35.607] [INFO] main - automated-test-server start ..... port: 8088
[2019-12-18T15:53:40.477] [INFO] main - automated-test-server start ..... port: 8088
[2019-12-18T15:53:45.320] [INFO] main - automated-test-server start ..... port: 8088
[2019-12-18T15:53:47.478] [INFO] main - automated-test-server start ..... port: 8088
[2019-12-18T15:54:32.579] [INFO] main - automated-test-server start ..... port: 8088
[2019-12-18T15:54:55.746] [INFO] main - automated-test-server start ..... port: 8088
[2019-12-18T15:55:32.286] [INFO] main - automated-test-server start ..... port: 8088
[2019-12-18T15:55:37.035] [INFO] main - automated-test-server start ..... port: 8088
[2019-12-18T15:55:39.554] [INFO] main - automated-test-server start ..... port: 8088
[2019-12-18T15:55:44.220] [INFO] main - automated-test-server start ..... port: 8088
[2019-12-18T15:55:45.821] [INFO] main - automated-test-server start ..... port: 8088
[2019-12-18T15:55:47.558] [INFO] main - automated-test-server start ..... port: 8088
[2019-12-18T15:56:29.292] [INFO] HttpExceptionFilter - { host: 'localhost:8088',
  url: '/api/user/1',
  method: 'GET',
  args: undefined }
[2019-12-18T15:56:29.309] [ERROR] HttpExceptionFilter - code =>10001, message => 查询用户id不存在
